{"uid":"fd421c7165facfdf","name":"04 Delete Project","fullName":"04 Delete Project","historyId":"04 Delete Project","time":{"start":1686378723439,"stop":1686378753487,"duration":30048},"status":"failed","statusMessage":"no such element: Unable to locate element: {\"method\":\"xpath\",\"selector\":\"//*[@id='projects_list']/li[4]/div/div/span/div/button\"}\n  (Session info: headless chrome=113.0.5672.126); For documentation on this error, please visit: https://www.selenium.dev/documentation/webdriver/troubleshooting/errors#no-such-element-exception","statusTrace":"OpenQA.Selenium.NoSuchElementException: no such element: Unable to locate element: {\"method\":\"xpath\",\"selector\":\"//*[@id='projects_list']/li[4]/div/div/span/div/button\"}\n  (Session info: headless chrome=113.0.5672.126); For documentation on this error, please visit: https://www.selenium.dev/documentation/webdriver/troubleshooting/errors#no-such-element-exception\n   at OpenQA.Selenium.WebDriver.UnpackAndThrowOnError(Response errorResponse, String commandToExecute)\n   at OpenQA.Selenium.WebDriver.Execute(String driverCommandToExecute, Dictionary`2 parameters)\n   at OpenQA.Selenium.WebDriver.FindElement(String mechanism, String value)\n   at OpenQA.Selenium.By.<.ctor>b__11_0(ISearchContext context)\n   at OpenQA.Selenium.By.FindElement(ISearchContext context)\n   at OpenQA.Selenium.WebDriver.FindElement(By by)\n   at SeleniumTCS.code.control.ControlSelenium.FindControl() in /home/runner/work/ReportAllureSelenium/ReportAllureSelenium/SeleniumTCS/src/code/control/ControlSelenium.cs:line 18\n   at SeleniumTCS.code.control.ControlSelenium.Click() in /home/runner/work/ReportAllureSelenium/ReportAllureSelenium/SeleniumTCS/src/code/control/ControlSelenium.cs:line 23\n   at SeleniumTCS.code.page.Todoist.ProjectDashboard.ClickProjectName(String projectName) in /home/runner/work/ReportAllureSelenium/ReportAllureSelenium/SeleniumTCS/src/code/page/Todoist/ProjectDashboard.cs:line 35\n   at SeleniumTCS.Steps.ProjectManagement.GivenMyProjectIsUpdated() in /home/runner/work/ReportAllureSelenium/ReportAllureSelenium/SeleniumTCS/src/Steps/ProjectManagement.cs:line 99\n   at TechTalk.SpecFlow.Bindings.BindingInvoker.InvokeBinding(IBinding binding, IContextManager contextManager, Object[] arguments, ITestTracer testTracer, TimeSpan& duration)\n   at Allure.SpecFlowPlugin.AllureBindingInvoker.InvokeBinding(IBinding binding, IContextManager contextManager, Object[] arguments, ITestTracer testTracer, TimeSpan& duration)\n   at TechTalk.SpecFlow.Infrastructure.TestExecutionEngine.ExecuteStepMatch(BindingMatch match, Object[] arguments, TimeSpan& duration)\n   at TechTalk.SpecFlow.Infrastructure.TestExecutionEngine.ExecuteStep(IContextManager contextManager, StepInstance stepInstance)","flaky":false,"newFailed":false,"newBroken":false,"newPassed":false,"retriesCount":0,"retriesStatusChange":false,"beforeStages":[],"testStage":{"status":"failed","statusMessage":"no such element: Unable to locate element: {\"method\":\"xpath\",\"selector\":\"//*[@id='projects_list']/li[4]/div/div/span/div/button\"}\n  (Session info: headless chrome=113.0.5672.126); For documentation on this error, please visit: https://www.selenium.dev/documentation/webdriver/troubleshooting/errors#no-such-element-exception","statusTrace":"OpenQA.Selenium.NoSuchElementException: no such element: Unable to locate element: {\"method\":\"xpath\",\"selector\":\"//*[@id='projects_list']/li[4]/div/div/span/div/button\"}\n  (Session info: headless chrome=113.0.5672.126); For documentation on this error, please visit: https://www.selenium.dev/documentation/webdriver/troubleshooting/errors#no-such-element-exception\n   at OpenQA.Selenium.WebDriver.UnpackAndThrowOnError(Response errorResponse, String commandToExecute)\n   at OpenQA.Selenium.WebDriver.Execute(String driverCommandToExecute, Dictionary`2 parameters)\n   at OpenQA.Selenium.WebDriver.FindElement(String mechanism, String value)\n   at OpenQA.Selenium.By.<.ctor>b__11_0(ISearchContext context)\n   at OpenQA.Selenium.By.FindElement(ISearchContext context)\n   at OpenQA.Selenium.WebDriver.FindElement(By by)\n   at SeleniumTCS.code.control.ControlSelenium.FindControl() in /home/runner/work/ReportAllureSelenium/ReportAllureSelenium/SeleniumTCS/src/code/control/ControlSelenium.cs:line 18\n   at SeleniumTCS.code.control.ControlSelenium.Click() in /home/runner/work/ReportAllureSelenium/ReportAllureSelenium/SeleniumTCS/src/code/control/ControlSelenium.cs:line 23\n   at SeleniumTCS.code.page.Todoist.ProjectDashboard.ClickProjectName(String projectName) in /home/runner/work/ReportAllureSelenium/ReportAllureSelenium/SeleniumTCS/src/code/page/Todoist/ProjectDashboard.cs:line 35\n   at SeleniumTCS.Steps.ProjectManagement.GivenMyProjectIsUpdated() in /home/runner/work/ReportAllureSelenium/ReportAllureSelenium/SeleniumTCS/src/Steps/ProjectManagement.cs:line 99\n   at TechTalk.SpecFlow.Bindings.BindingInvoker.InvokeBinding(IBinding binding, IContextManager contextManager, Object[] arguments, ITestTracer testTracer, TimeSpan& duration)\n   at Allure.SpecFlowPlugin.AllureBindingInvoker.InvokeBinding(IBinding binding, IContextManager contextManager, Object[] arguments, ITestTracer testTracer, TimeSpan& duration)\n   at TechTalk.SpecFlow.Infrastructure.TestExecutionEngine.ExecuteStepMatch(BindingMatch match, Object[] arguments, TimeSpan& duration)\n   at TechTalk.SpecFlow.Infrastructure.TestExecutionEngine.ExecuteStep(IContextManager contextManager, StepInstance stepInstance)","steps":[{"name":"Given  My project is updated","time":{"start":1686378723439,"stop":1686378753487,"duration":30048},"status":"failed","steps":[],"attachments":[],"parameters":[],"stepsCount":0,"attachmentsCount":0,"shouldDisplayMessage":false,"hasContent":false},{"name":"When  I click on delete button","time":{"start":1686378753487,"stop":1686378753487,"duration":0},"status":"skipped","steps":[],"attachments":[],"parameters":[],"stepsCount":0,"attachmentsCount":0,"shouldDisplayMessage":false,"hasContent":false},{"name":"Then  The project should not be displayed","time":{"start":1686378753487,"stop":1686378753487,"duration":0},"status":"skipped","steps":[],"attachments":[],"parameters":[],"stepsCount":0,"attachmentsCount":0,"shouldDisplayMessage":false,"hasContent":false}],"attachments":[],"parameters":[],"stepsCount":3,"attachmentsCount":0,"shouldDisplayMessage":true,"hasContent":true},"afterStages":[],"labels":[{"name":"thread","value":"NonParallelWorker"},{"name":"host","value":"fv-az446-540"},{"name":"feature","value":"Task_Managament"},{"name":"resultFormat","value":"allure2"}],"parameters":[],"links":[],"hidden":false,"retry":false,"extra":{"severity":"normal","retries":[],"categories":[{"name":"Product defects","matchedStatuses":[],"flaky":false}],"tags":[]},"source":"fd421c7165facfdf.json","parameterValues":[]}